build 2/app/intermediates/manifest_merge_blame_file/debug/manifest-merger-blame-debug-report.txt
1<?xml version="1.0" encoding="utf-8"?>
2<manifest xmlns:android="http://schemas.android.com/apk/res/android"
3    package="com.example.newtest"
4    android:versionCode="1"
5    android:versionName="1.0.0" >
6
7    <uses-sdk
8        android:minSdkVersion="21"
9        android:targetSdkVersion="30" />
10    <!--
11         Flutter needs it to communicate with the running application
12         to allow setting breakpoints, to provide hot reload, etc.
13    -->
14    <uses-permission android:name="android.permission.INTERNET" />
14-->src/debug/AndroidManifest.xml:6:5-66
14-->src/debug/AndroidManifest.xml:6:22-64
15    <uses-permission android:name="android.permission.WAKE_LOCK" />
15-->[:firebase_messaging] AndroidManifest.xml:8:5-68
15-->[:firebase_messaging] AndroidManifest.xml:8:22-65
16    <uses-permission android:name="android.permission.ACCESS_NETWORK_STATE" /> <!-- Permissions options for the `notification` group -->
16-->[:firebase_messaging] AndroidManifest.xml:9:5-79
16-->[:firebase_messaging] AndroidManifest.xml:9:22-76
17    <uses-permission android:name="android.permission.POST_NOTIFICATIONS" />
17-->[:firebase_messaging] AndroidManifest.xml:11:5-77
17-->[:firebase_messaging] AndroidManifest.xml:11:22-74
18    <uses-permission android:name="android.permission.RECEIVE_BOOT_COMPLETED" />
18-->[:flutter_local_notifications] AndroidManifest.xml:7:5-81
18-->[:flutter_local_notifications] AndroidManifest.xml:7:22-78
19    <uses-permission android:name="android.permission.VIBRATE" />
19-->[:flutter_local_notifications] AndroidManifest.xml:8:5-66
19-->[:flutter_local_notifications] AndroidManifest.xml:8:22-63
20    <uses-permission android:name="android.permission.USE_FULL_SCREEN_INTENT" />
20-->[:flutter_local_notifications] AndroidManifest.xml:9:5-81
20-->[:flutter_local_notifications] AndroidManifest.xml:9:22-78
21    <uses-permission android:name="android.permission.SCHEDULE_EXACT_ALARM" /> <!-- Required by older versions of Google Play services to create IID tokens -->
21-->[:flutter_local_notifications] AndroidManifest.xml:10:5-79
21-->[:flutter_local_notifications] AndroidManifest.xml:10:22-76
22    <uses-permission android:name="com.google.android.c2dm.permission.RECEIVE" />
22-->[com.google.firebase:firebase-messaging:23.1.0] AndroidManifest.xml:28:5-82
22-->[com.google.firebase:firebase-messaging:23.1.0] AndroidManifest.xml:28:22-79
23    <uses-permission android:name="com.google.android.gms.permission.AD_ID" />
23-->[com.google.android.gms:play-services-measurement-api:21.2.0] AndroidManifest.xml:25:5-79
23-->[com.google.android.gms:play-services-measurement-api:21.2.0] AndroidManifest.xml:25:22-76
24    <uses-permission android:name="com.google.android.finsky.permission.BIND_GET_INSTALL_REFERRER_SERVICE" />
24-->[com.google.android.gms:play-services-measurement:21.2.0] AndroidManifest.xml:26:5-110
24-->[com.google.android.gms:play-services-measurement:21.2.0] AndroidManifest.xml:26:22-107
25    <uses-permission android:name="android.permission.FOREGROUND_SERVICE" />
25-->[androidx.work:work-runtime:2.8.0-alpha01] AndroidManifest.xml:28:5-77
25-->[androidx.work:work-runtime:2.8.0-alpha01] AndroidManifest.xml:28:22-74
26
27    <application
27-->src/main/AndroidManifest.xml:3:4-45:19
28        android:appComponentFactory="androidx.core.app.CoreComponentFactory"
28-->[androidx.core:core:1.6.0] AndroidManifest.xml:24:18-86
29        android:debuggable="true"
30        android:icon="@mipmap/ic_launcher"
30-->src/main/AndroidManifest.xml:5:9-43
31        android:label="newtest"
31-->src/main/AndroidManifest.xml:4:9-32
32        android:usesCleartextTraffic="true" >
32-->src/main/AndroidManifest.xml:6:9-44
33        <activity
33-->src/main/AndroidManifest.xml:7:9-39:20
34            android:name="com.example.newtest.MainActivity"
34-->src/main/AndroidManifest.xml:8:13-41
35            android:configChanges="orientation|keyboardHidden|keyboard|screenSize|smallestScreenSize|locale|layoutDirection|fontScale|screenLayout|density|uiMode"
35-->src/main/AndroidManifest.xml:11:13-163
36            android:hardwareAccelerated="true"
36-->src/main/AndroidManifest.xml:12:13-47
37            android:launchMode="singleTop"
37-->src/main/AndroidManifest.xml:9:13-43
38            android:theme="@style/LaunchTheme"
38-->src/main/AndroidManifest.xml:10:13-47
39            android:windowSoftInputMode="adjustResize" >
39-->src/main/AndroidManifest.xml:13:13-55
40
41            <!--
42                 Specifies an Android theme to apply to this Activity as soon as
43                 the Android process has started. This theme is visible to the user
44                 while the Flutter UI initializes. After that, this theme continues
45                 to determine the Window background behind the Flutter UI.
46            -->
47            <meta-data
47-->src/main/AndroidManifest.xml:18:13-21:17
48                android:name="io.flutter.embedding.android.NormalTheme"
48-->src/main/AndroidManifest.xml:19:15-70
49                android:resource="@style/NormalTheme" />
49-->src/main/AndroidManifest.xml:20:15-52
50            <!--
51                 Displays an Android View that continues showing the launch screen
52                 Drawable until Flutter paints its first frame, then this splash
53                 screen fades out. A splash screen is useful to avoid any visual
54                 gap between the end of Android's launch screen and the painting of
55                 Flutter's first frame.
56            -->
57            <meta-data
57-->src/main/AndroidManifest.xml:27:13-30:17
58                android:name="io.flutter.embedding.android.SplashScreenDrawable"
58-->src/main/AndroidManifest.xml:28:15-79
59                android:resource="@drawable/launch_background" />
59-->src/main/AndroidManifest.xml:29:15-61
60            <meta-data
60-->src/main/AndroidManifest.xml:31:13-34:17
61                android:name="com.google.firebase.messaging.default_notification_channel_id"
61-->src/main/AndroidManifest.xml:32:17-93
62                android:value="easyapproach" />
62-->src/main/AndroidManifest.xml:33:17-45
63
64            <intent-filter>
64-->src/main/AndroidManifest.xml:35:13-38:29
65                <action android:name="android.intent.action.MAIN" />
65-->src/main/AndroidManifest.xml:36:17-68
65-->src/main/AndroidManifest.xml:36:25-66
66
67                <category android:name="android.intent.category.LAUNCHER" />
67-->src/main/AndroidManifest.xml:37:17-76
67-->src/main/AndroidManifest.xml:37:27-74
68            </intent-filter>
69        </activity>
70        <!--
71             Don't delete the meta-data below.
72             This is used by the Flutter tool to generate GeneratedPluginRegistrant.java
73        -->
74        <meta-data
74-->src/main/AndroidManifest.xml:42:9-44:33
75            android:name="flutterEmbedding"
75-->src/main/AndroidManifest.xml:43:13-44
76            android:value="2" />
76-->src/main/AndroidManifest.xml:44:13-30
77
78        <service
78-->[:firebase_auth] AndroidManifest.xml:8:9-12:19
79            android:name="com.google.firebase.components.ComponentDiscoveryService"
79-->[:firebase_auth] AndroidManifest.xml:8:18-89
80            android:directBootAware="true"
80-->[com.google.firebase:firebase-common:20.2.0] AndroidManifest.xml:34:13-43
81            android:exported="false" >
81-->[com.google.firebase:firebase-messaging:23.1.0] AndroidManifest.xml:54:13-37
82            <meta-data
82-->[:firebase_auth] AndroidManifest.xml:9:13-11:85
83                android:name="com.google.firebase.components:io.flutter.plugins.firebase.auth.FlutterFirebaseAuthRegistrar"
83-->[:firebase_auth] AndroidManifest.xml:10:17-124
84                android:value="com.google.firebase.components.ComponentRegistrar" />
84-->[:firebase_auth] AndroidManifest.xml:11:17-82
85            <meta-data
85-->[:firebase_database] AndroidManifest.xml:9:13-11:85
86                android:name="com.google.firebase.components:io.flutter.plugins.firebase.database.FlutterFirebaseAppRegistrar"
86-->[:firebase_database] AndroidManifest.xml:10:17-127
87                android:value="com.google.firebase.components.ComponentRegistrar" />
87-->[:firebase_database] AndroidManifest.xml:11:17-82
88            <meta-data
88-->[:firebase_messaging] AndroidManifest.xml:36:13-38:85
89                android:name="com.google.firebase.components:io.flutter.plugins.firebase.messaging.FlutterFirebaseAppRegistrar"
89-->[:firebase_messaging] AndroidManifest.xml:37:17-128
90                android:value="com.google.firebase.components.ComponentRegistrar" />
90-->[:firebase_messaging] AndroidManifest.xml:38:17-82
91            <meta-data
91-->[:firebase_core] AndroidManifest.xml:9:13-11:85
92                android:name="com.google.firebase.components:io.flutter.plugins.firebase.core.FlutterFirebaseCoreRegistrar"
92-->[:firebase_core] AndroidManifest.xml:10:17-124
93                android:value="com.google.firebase.components.ComponentRegistrar" />
93-->[:firebase_core] AndroidManifest.xml:11:17-82
94            <meta-data
94-->[com.google.firebase:firebase-messaging:23.1.0] AndroidManifest.xml:55:13-57:85
95                android:name="com.google.firebase.components:com.google.firebase.messaging.FirebaseMessagingRegistrar"
95-->[com.google.firebase:firebase-messaging:23.1.0] AndroidManifest.xml:56:17-119
96                android:value="com.google.firebase.components.ComponentRegistrar" />
96-->[com.google.firebase:firebase-messaging:23.1.0] AndroidManifest.xml:57:17-82
97            <meta-data
97-->[com.google.firebase:firebase-datatransport:18.1.7] AndroidManifest.xml:27:13-29:85
98                android:name="com.google.firebase.components:com.google.firebase.datatransport.TransportRegistrar"
98-->[com.google.firebase:firebase-datatransport:18.1.7] AndroidManifest.xml:28:17-115
99                android:value="com.google.firebase.components.ComponentRegistrar" />
99-->[com.google.firebase:firebase-datatransport:18.1.7] AndroidManifest.xml:29:17-82
100            <meta-data
100-->[com.google.firebase:firebase-auth:21.1.0] AndroidManifest.xml:67:13-69:85
101                android:name="com.google.firebase.components:com.google.firebase.auth.FirebaseAuthRegistrar"
101-->[com.google.firebase:firebase-auth:21.1.0] AndroidManifest.xml:68:17-109
102                android:value="com.google.firebase.components.ComponentRegistrar" />
102-->[com.google.firebase:firebase-auth:21.1.0] AndroidManifest.xml:69:17-82
103            <meta-data
103-->[com.google.firebase:firebase-iid:21.1.0] AndroidManifest.xml:32:13-34:85
104                android:name="com.google.firebase.components:com.google.firebase.iid.Registrar"
104-->[com.google.firebase:firebase-iid:21.1.0] AndroidManifest.xml:33:17-96
105                android:value="com.google.firebase.components.ComponentRegistrar" />
105-->[com.google.firebase:firebase-iid:21.1.0] AndroidManifest.xml:34:17-82
106            <meta-data
106-->[com.google.firebase:firebase-database:20.1.0] AndroidManifest.xml:31:13-33:85
107                android:name="com.google.firebase.components:com.google.firebase.database.DatabaseRegistrar"
107-->[com.google.firebase:firebase-database:20.1.0] AndroidManifest.xml:32:17-109
108                android:value="com.google.firebase.components.ComponentRegistrar" />
108-->[com.google.firebase:firebase-database:20.1.0] AndroidManifest.xml:33:17-82
109            <meta-data
109-->[com.google.android.gms:play-services-measurement-api:21.2.0] AndroidManifest.xml:31:13-33:85
110                android:name="com.google.firebase.components:com.google.firebase.analytics.connector.internal.AnalyticsConnectorRegistrar"
110-->[com.google.android.gms:play-services-measurement-api:21.2.0] AndroidManifest.xml:32:17-139
111                android:value="com.google.firebase.components.ComponentRegistrar" />
111-->[com.google.android.gms:play-services-measurement-api:21.2.0] AndroidManifest.xml:33:17-82
112            <meta-data
112-->[com.google.firebase:firebase-installations:17.1.0] AndroidManifest.xml:17:13-19:85
113                android:name="com.google.firebase.components:com.google.firebase.installations.FirebaseInstallationsRegistrar"
113-->[com.google.firebase:firebase-installations:17.1.0] AndroidManifest.xml:18:17-127
114                android:value="com.google.firebase.components.ComponentRegistrar" />
114-->[com.google.firebase:firebase-installations:17.1.0] AndroidManifest.xml:19:17-82
115        </service>
116        <service
116-->[:firebase_messaging] AndroidManifest.xml:14:9-17:72
117            android:name="io.flutter.plugins.firebase.messaging.FlutterFirebaseMessagingBackgroundService"
117-->[:firebase_messaging] AndroidManifest.xml:15:13-107
118            android:exported="false"
118-->[:firebase_messaging] AndroidManifest.xml:16:13-37
119            android:permission="android.permission.BIND_JOB_SERVICE" />
119-->[:firebase_messaging] AndroidManifest.xml:17:13-69
120        <service
120-->[:firebase_messaging] AndroidManifest.xml:18:9-24:19
121            android:name="io.flutter.plugins.firebase.messaging.FlutterFirebaseMessagingService"
121-->[:firebase_messaging] AndroidManifest.xml:19:13-97
122            android:exported="false" >
122-->[:firebase_messaging] AndroidManifest.xml:20:13-37
123            <intent-filter>
123-->[:firebase_messaging] AndroidManifest.xml:21:13-23:29
124                <action android:name="com.google.firebase.MESSAGING_EVENT" />
124-->[:firebase_messaging] AndroidManifest.xml:22:17-78
124-->[:firebase_messaging] AndroidManifest.xml:22:25-75
125            </intent-filter>
126        </service>
127
128        <receiver
128-->[:firebase_messaging] AndroidManifest.xml:26:9-33:20
129            android:name="io.flutter.plugins.firebase.messaging.FlutterFirebaseMessagingReceiver"
129-->[:firebase_messaging] AndroidManifest.xml:27:13-98
130            android:exported="true"
130-->[:firebase_messaging] AndroidManifest.xml:28:13-36
131            android:permission="com.google.android.c2dm.permission.SEND" >
131-->[:firebase_messaging] AndroidManifest.xml:29:13-73
132            <intent-filter>
132-->[:firebase_messaging] AndroidManifest.xml:30:13-32:29
133                <action android:name="com.google.android.c2dm.intent.RECEIVE" />
133-->[:firebase_messaging] AndroidManifest.xml:31:17-81
133-->[:firebase_messaging] AndroidManifest.xml:31:25-78
134            </intent-filter>
135        </receiver>
136
137        <provider
137-->[:firebase_messaging] AndroidManifest.xml:41:9-45:38
138            android:name="io.flutter.plugins.firebase.messaging.FlutterFirebaseMessagingInitProvider"
138-->[:firebase_messaging] AndroidManifest.xml:42:13-102
139            android:authorities="com.example.newtest.flutterfirebasemessaginginitprovider"
139-->[:firebase_messaging] AndroidManifest.xml:43:13-88
140            android:exported="false"
140-->[:firebase_messaging] AndroidManifest.xml:44:13-37
141            android:initOrder="99" />
141-->[:firebase_messaging] AndroidManifest.xml:45:13-35
142
143        <receiver
143-->[:flutter_local_notifications] AndroidManifest.xml:14:9-16:40
144            android:name="com.dexterous.flutterlocalnotifications.ScheduledNotificationReceiver"
144-->[:flutter_local_notifications] AndroidManifest.xml:15:13-97
145            android:exported="false" />
145-->[:flutter_local_notifications] AndroidManifest.xml:16:13-37
146        <receiver
146-->[:flutter_local_notifications] AndroidManifest.xml:17:9-26:20
147            android:name="com.dexterous.flutterlocalnotifications.ScheduledNotificationBootReceiver"
147-->[:flutter_local_notifications] AndroidManifest.xml:18:13-101
148            android:exported="false" >
148-->[:flutter_local_notifications] AndroidManifest.xml:19:13-37
149            <intent-filter>
149-->[:flutter_local_notifications] AndroidManifest.xml:20:13-25:29
150                <action android:name="android.intent.action.BOOT_COMPLETED" />
150-->[:flutter_local_notifications] AndroidManifest.xml:21:17-79
150-->[:flutter_local_notifications] AndroidManifest.xml:21:25-76
151                <action android:name="android.intent.action.MY_PACKAGE_REPLACED" />
151-->[:flutter_local_notifications] AndroidManifest.xml:22:17-84
151-->[:flutter_local_notifications] AndroidManifest.xml:22:25-81
152                <action android:name="android.intent.action.QUICKBOOT_POWERON" />
152-->[:flutter_local_notifications] AndroidManifest.xml:23:17-82
152-->[:flutter_local_notifications] AndroidManifest.xml:23:25-79
153                <action android:name="com.htc.intent.action.QUICKBOOT_POWERON" />
153-->[:flutter_local_notifications] AndroidManifest.xml:24:17-82
153-->[:flutter_local_notifications] AndroidManifest.xml:24:25-79
154            </intent-filter>
155        </receiver>
156
157        <uses-library
157-->[androidx.window:window:1.0.0-beta04] AndroidManifest.xml:25:9-27:40
158            android:name="androidx.window.extensions"
158-->[androidx.window:window:1.0.0-beta04] AndroidManifest.xml:26:13-54
159            android:required="false" />
159-->[androidx.window:window:1.0.0-beta04] AndroidManifest.xml:27:13-37
160        <uses-library
160-->[androidx.window:window:1.0.0-beta04] AndroidManifest.xml:28:9-30:40
161            android:name="androidx.window.sidecar"
161-->[androidx.window:window:1.0.0-beta04] AndroidManifest.xml:29:13-51
162            android:required="false" />
162-->[androidx.window:window:1.0.0-beta04] AndroidManifest.xml:30:13-37
163
164        <receiver
164-->[com.google.firebase:firebase-messaging:23.1.0] AndroidManifest.xml:31:9-38:20
165            android:name="com.google.firebase.iid.FirebaseInstanceIdReceiver"
165-->[com.google.firebase:firebase-messaging:23.1.0] AndroidManifest.xml:32:13-78
166            android:exported="true"
166-->[com.google.firebase:firebase-messaging:23.1.0] AndroidManifest.xml:33:13-36
167            android:permission="com.google.android.c2dm.permission.SEND" >
167-->[com.google.firebase:firebase-messaging:23.1.0] AndroidManifest.xml:34:13-73
168            <intent-filter>
168-->[:firebase_messaging] AndroidManifest.xml:30:13-32:29
169                <action android:name="com.google.android.c2dm.intent.RECEIVE" />
169-->[:firebase_messaging] AndroidManifest.xml:31:17-81
169-->[:firebase_messaging] AndroidManifest.xml:31:25-78
170            </intent-filter>
171        </receiver>
172        <!--
173             FirebaseMessagingService performs security checks at runtime,
174             but set to not exported to explicitly avoid allowing another app to call it.
175        -->
176        <service
176-->[com.google.firebase:firebase-messaging:23.1.0] AndroidManifest.xml:44:9-51:19
177            android:name="com.google.firebase.messaging.FirebaseMessagingService"
177-->[com.google.firebase:firebase-messaging:23.1.0] AndroidManifest.xml:45:13-82
178            android:directBootAware="true"
178-->[com.google.firebase:firebase-messaging:23.1.0] AndroidManifest.xml:46:13-43
179            android:exported="false" >
179-->[com.google.firebase:firebase-messaging:23.1.0] AndroidManifest.xml:47:13-37
180            <intent-filter android:priority="-500" >
180-->[:firebase_messaging] AndroidManifest.xml:21:13-23:29
181                <action android:name="com.google.firebase.MESSAGING_EVENT" />
181-->[:firebase_messaging] AndroidManifest.xml:22:17-78
181-->[:firebase_messaging] AndroidManifest.xml:22:25-75
182            </intent-filter>
183        </service>
184        <service
184-->[com.google.android.datatransport:transport-backend-cct:3.1.8] AndroidManifest.xml:28:9-34:19
185            android:name="com.google.android.datatransport.runtime.backends.TransportBackendDiscovery"
185-->[com.google.android.datatransport:transport-backend-cct:3.1.8] AndroidManifest.xml:29:13-103
186            android:exported="false" >
186-->[com.google.android.datatransport:transport-backend-cct:3.1.8] AndroidManifest.xml:30:13-37
187            <meta-data
187-->[com.google.android.datatransport:transport-backend-cct:3.1.8] AndroidManifest.xml:31:13-33:39
188                android:name="backend:com.google.android.datatransport.cct.CctBackendFactory"
188-->[com.google.android.datatransport:transport-backend-cct:3.1.8] AndroidManifest.xml:32:17-94
189                android:value="cct" />
189-->[com.google.android.datatransport:transport-backend-cct:3.1.8] AndroidManifest.xml:33:17-36
190        </service>
191        <service
191-->[com.google.android.datatransport:transport-runtime:3.1.8] AndroidManifest.xml:26:9-30:19
192            android:name="com.google.android.datatransport.runtime.scheduling.jobscheduling.JobInfoSchedulerService"
192-->[com.google.android.datatransport:transport-runtime:3.1.8] AndroidManifest.xml:27:13-117
193            android:exported="false"
193-->[com.google.android.datatransport:transport-runtime:3.1.8] AndroidManifest.xml:28:13-37
194            android:permission="android.permission.BIND_JOB_SERVICE" >
194-->[com.google.android.datatransport:transport-runtime:3.1.8] AndroidManifest.xml:29:13-69
195        </service>
196
197        <receiver
197-->[com.google.android.datatransport:transport-runtime:3.1.8] AndroidManifest.xml:32:9-34:40
198            android:name="com.google.android.datatransport.runtime.scheduling.jobscheduling.AlarmManagerSchedulerBroadcastReceiver"
198-->[com.google.android.datatransport:transport-runtime:3.1.8] AndroidManifest.xml:33:13-132
199            android:exported="false" />
199-->[com.google.android.datatransport:transport-runtime:3.1.8] AndroidManifest.xml:34:13-37
200
201        <activity
201-->[com.google.firebase:firebase-auth:21.1.0] AndroidManifest.xml:27:9-44:20
202            android:name="com.google.firebase.auth.internal.GenericIdpActivity"
202-->[com.google.firebase:firebase-auth:21.1.0] AndroidManifest.xml:28:13-80
203            android:excludeFromRecents="true"
203-->[com.google.firebase:firebase-auth:21.1.0] AndroidManifest.xml:29:13-46
204            android:exported="true"
204-->[com.google.firebase:firebase-auth:21.1.0] AndroidManifest.xml:30:13-36
205            android:launchMode="singleTask"
205-->[com.google.firebase:firebase-auth:21.1.0] AndroidManifest.xml:31:13-44
206            android:theme="@android:style/Theme.Translucent.NoTitleBar" >
206-->[com.google.firebase:firebase-auth:21.1.0] AndroidManifest.xml:32:13-72
207            <intent-filter>
207-->[com.google.firebase:firebase-auth:21.1.0] AndroidManifest.xml:33:13-43:29
208                <action android:name="android.intent.action.VIEW" />
208-->[com.google.firebase:firebase-auth:21.1.0] AndroidManifest.xml:34:17-69
208-->[com.google.firebase:firebase-auth:21.1.0] AndroidManifest.xml:34:25-66
209
210                <category android:name="android.intent.category.DEFAULT" />
210-->[com.google.firebase:firebase-auth:21.1.0] AndroidManifest.xml:36:17-76
210-->[com.google.firebase:firebase-auth:21.1.0] AndroidManifest.xml:36:27-73
211                <category android:name="android.intent.category.BROWSABLE" />
211-->[com.google.firebase:firebase-auth:21.1.0] AndroidManifest.xml:37:17-78
211-->[com.google.firebase:firebase-auth:21.1.0] AndroidManifest.xml:37:27-75
212
213                <data
213-->[com.google.firebase:firebase-auth:21.1.0] AndroidManifest.xml:39:17-42:51
214                    android:host="firebase.auth"
214-->[com.google.firebase:firebase-auth:21.1.0] AndroidManifest.xml:40:21-49
215                    android:path="/"
215-->[com.google.firebase:firebase-auth:21.1.0] AndroidManifest.xml:41:21-37
216                    android:scheme="genericidp" />
216-->[com.google.firebase:firebase-auth:21.1.0] AndroidManifest.xml:42:21-48
217            </intent-filter>
218        </activity>
219        <activity
219-->[com.google.firebase:firebase-auth:21.1.0] AndroidManifest.xml:45:9-62:20
220            android:name="com.google.firebase.auth.internal.RecaptchaActivity"
220-->[com.google.firebase:firebase-auth:21.1.0] AndroidManifest.xml:46:13-79
221            android:excludeFromRecents="true"
221-->[com.google.firebase:firebase-auth:21.1.0] AndroidManifest.xml:47:13-46
222            android:exported="true"
222-->[com.google.firebase:firebase-auth:21.1.0] AndroidManifest.xml:48:13-36
223            android:launchMode="singleTask"
223-->[com.google.firebase:firebase-auth:21.1.0] AndroidManifest.xml:49:13-44
224            android:theme="@android:style/Theme.Translucent.NoTitleBar" >
224-->[com.google.firebase:firebase-auth:21.1.0] AndroidManifest.xml:50:13-72
225            <intent-filter>
225-->[com.google.firebase:firebase-auth:21.1.0] AndroidManifest.xml:51:13-61:29
226                <action android:name="android.intent.action.VIEW" />
226-->[com.google.firebase:firebase-auth:21.1.0] AndroidManifest.xml:34:17-69
226-->[com.google.firebase:firebase-auth:21.1.0] AndroidManifest.xml:34:25-66
227
228                <category android:name="android.intent.category.DEFAULT" />
228-->[com.google.firebase:firebase-auth:21.1.0] AndroidManifest.xml:36:17-76
228-->[com.google.firebase:firebase-auth:21.1.0] AndroidManifest.xml:36:27-73
229                <category android:name="android.intent.category.BROWSABLE" />
229-->[com.google.firebase:firebase-auth:21.1.0] AndroidManifest.xml:37:17-78
229-->[com.google.firebase:firebase-auth:21.1.0] AndroidManifest.xml:37:27-75
230
231                <data
231-->[com.google.firebase:firebase-auth:21.1.0] AndroidManifest.xml:39:17-42:51
232                    android:host="firebase.auth"
232-->[com.google.firebase:firebase-auth:21.1.0] AndroidManifest.xml:40:21-49
233                    android:path="/"
233-->[com.google.firebase:firebase-auth:21.1.0] AndroidManifest.xml:41:21-37
234                    android:scheme="recaptcha" />
234-->[com.google.firebase:firebase-auth:21.1.0] AndroidManifest.xml:42:21-48
235            </intent-filter>
236        </activity>
237
238        <provider
238-->[com.google.firebase:firebase-common:20.2.0] AndroidManifest.xml:25:9-30:39
239            android:name="com.google.firebase.provider.FirebaseInitProvider"
239-->[com.google.firebase:firebase-common:20.2.0] AndroidManifest.xml:26:13-77
240            android:authorities="com.example.newtest.firebaseinitprovider"
240-->[com.google.firebase:firebase-common:20.2.0] AndroidManifest.xml:27:13-72
241            android:directBootAware="true"
241-->[com.google.firebase:firebase-common:20.2.0] AndroidManifest.xml:28:13-43
242            android:exported="false"
242-->[com.google.firebase:firebase-common:20.2.0] AndroidManifest.xml:29:13-37
243            android:initOrder="100" />
243-->[com.google.firebase:firebase-common:20.2.0] AndroidManifest.xml:30:13-36
244
245        <receiver
245-->[com.google.android.gms:play-services-measurement:21.2.0] AndroidManifest.xml:29:9-33:20
246            android:name="com.google.android.gms.measurement.AppMeasurementReceiver"
246-->[com.google.android.gms:play-services-measurement:21.2.0] AndroidManifest.xml:30:13-85
247            android:enabled="true"
247-->[com.google.android.gms:play-services-measurement:21.2.0] AndroidManifest.xml:31:13-35
248            android:exported="false" >
248-->[com.google.android.gms:play-services-measurement:21.2.0] AndroidManifest.xml:32:13-37
249        </receiver>
250
251        <service
251-->[com.google.android.gms:play-services-measurement:21.2.0] AndroidManifest.xml:35:9-38:40
252            android:name="com.google.android.gms.measurement.AppMeasurementService"
252-->[com.google.android.gms:play-services-measurement:21.2.0] AndroidManifest.xml:36:13-84
253            android:enabled="true"
253-->[com.google.android.gms:play-services-measurement:21.2.0] AndroidManifest.xml:37:13-35
254            android:exported="false" />
254-->[com.google.android.gms:play-services-measurement:21.2.0] AndroidManifest.xml:38:13-37
255        <service
255-->[com.google.android.gms:play-services-measurement:21.2.0] AndroidManifest.xml:39:9-43:72
256            android:name="com.google.android.gms.measurement.AppMeasurementJobService"
256-->[com.google.android.gms:play-services-measurement:21.2.0] AndroidManifest.xml:40:13-87
257            android:enabled="true"
257-->[com.google.android.gms:play-services-measurement:21.2.0] AndroidManifest.xml:41:13-35
258            android:exported="false"
258-->[com.google.android.gms:play-services-measurement:21.2.0] AndroidManifest.xml:42:13-37
259            android:permission="android.permission.BIND_JOB_SERVICE" />
259-->[com.google.android.gms:play-services-measurement:21.2.0] AndroidManifest.xml:43:13-69
260
261        <provider
261-->[androidx.work:work-runtime:2.8.0-alpha01] AndroidManifest.xml:31:9-39:20
262            android:name="androidx.startup.InitializationProvider"
262-->[androidx.work:work-runtime:2.8.0-alpha01] AndroidManifest.xml:32:13-67
263            android:authorities="com.example.newtest.androidx-startup"
263-->[androidx.work:work-runtime:2.8.0-alpha01] AndroidManifest.xml:33:13-68
264            android:exported="false" >
264-->[androidx.work:work-runtime:2.8.0-alpha01] AndroidManifest.xml:34:13-37
265            <meta-data
265-->[androidx.work:work-runtime:2.8.0-alpha01] AndroidManifest.xml:36:13-38:52
266                android:name="androidx.work.WorkManagerInitializer"
266-->[androidx.work:work-runtime:2.8.0-alpha01] AndroidManifest.xml:37:17-68
267                android:value="androidx.startup" />
267-->[androidx.work:work-runtime:2.8.0-alpha01] AndroidManifest.xml:38:17-49
268        </provider>
269
270        <service
270-->[androidx.work:work-runtime:2.8.0-alpha01] AndroidManifest.xml:41:9-46:35
271            android:name="androidx.work.impl.background.systemalarm.SystemAlarmService"
271-->[androidx.work:work-runtime:2.8.0-alpha01] AndroidManifest.xml:42:13-88
272            android:directBootAware="false"
272-->[androidx.work:work-runtime:2.8.0-alpha01] AndroidManifest.xml:43:13-44
273            android:enabled="@bool/enable_system_alarm_service_default"